aegis: project "Minsky.1": change 39: integration has begun
aegis: project "Minsky.1": change 39: adding another version to the history of
	the "GUI/SVGItem.cc" file
aegis: ci -f -u -d -M -m39 /tmp/aegis-81f4012b-8979-4252-a272-13d6173bf2a5/
	da8dfe /home/aegis/Minsky/history/cc.uui/0b.uui/c4a8f365.43a/08d983ed.
	3d7/da8dfe,v
/home/aegis/Minsky/history/cc.uui/0b.uui/c4a8f365.43a/08d983ed.3d7/da8dfe,v  <--  /tmp/aegis-81f4012b-8979-4252-a272-13d6173bf2a5/da8dfe
new revision: 1.5; previous revision: 1.4
done
aegis: ( rlog -r /home/aegis/Minsky/history/cc.uui/0b.uui/c4a8f365.43a/
	08d983ed.3d7/da8dfe,v | awk '/^head:/ {print $2}' ) >
	/tmp/aegis-a89c7d01-f073-4896-bd88-72ad064a4729
aegis: project "Minsky.1": change 39: adding another version to the history of
	the "minsky.app/Contents/Info.plist" file
aegis: ci -f -u -d -M -m39 /tmp/aegis-81f4012b-8979-4252-a272-13d6173bf2a5/
	af35ed /home/aegis/Minsky/history/d8.uui/6b.uui/c3731b0b.4f4/9a3ae57e.
	ba4/af35ed,v
/home/aegis/Minsky/history/d8.uui/6b.uui/c3731b0b.4f4/9a3ae57e.ba4/af35ed,v  <--  /tmp/aegis-81f4012b-8979-4252-a272-13d6173bf2a5/af35ed
new revision: 1.57; previous revision: 1.56
done
aegis: ( rlog -r /home/aegis/Minsky/history/d8.uui/6b.uui/c3731b0b.4f4/
	9a3ae57e.ba4/af35ed,v | awk '/^head:/ {print $2}' ) >
	/tmp/aegis-f9a7b80e-df6a-432c-8ee0-0c8287aa73af
aegis: project "Minsky.1": change 39: adding another version to the history of
	the "minskyVersion.h" file
aegis: ci -f -u -d -M -m39 /tmp/aegis-81f4012b-8979-4252-a272-13d6173bf2a5/
	607b44 /home/aegis/Minsky/history/08.uui/6e.uui/e8bc168d.4fd/aa16ee50.
	8c0/607b44,v
/home/aegis/Minsky/history/08.uui/6e.uui/e8bc168d.4fd/aa16ee50.8c0/607b44,v  <--  /tmp/aegis-81f4012b-8979-4252-a272-13d6173bf2a5/607b44
new revision: 1.476; previous revision: 1.475
done
aegis: ( rlog -r /home/aegis/Minsky/history/08.uui/6e.uui/e8bc168d.4fd/
	aa16ee50.8c0/607b44,v | awk '/^head:/ {print $2}' ) >
	/tmp/aegis-22d26c6f-d611-4170-b7c7-b504db02eaea
aegis: sleeping 12 seconds to allow file modifications times to be consistent
